<?xml version="1.0" encoding="UTF-8"?>
<testng-results skipped="0" failed="0" ignored="0" total="3" passed="3">
  <reporter-output>
  </reporter-output>
  <suite name="Suite" duration-ms="67" started-at="2020-11-27T16:38:17Z" finished-at="2020-11-27T16:38:17Z">
    <groups>
    </groups>
    <test name="Test" duration-ms="67" started-at="2020-11-27T16:38:17Z" finished-at="2020-11-27T16:38:17Z">
      <class name="com.TestNGDemo.TestNGListnerTests">
        <test-method status="PASS" signature="Test2()[pri:0, instance:com.TestNGDemo.TestNGListnerTests@16ace693]" name="Test2" duration-ms="20" started-at="2020-11-27T22:08:17Z" finished-at="2020-11-27T22:08:17Z">
          <reporter-output>
          </reporter-output>
        </test-method> <!-- Test2 -->
        <test-method status="PASS" signature="Test3()[pri:0, instance:com.TestNGDemo.TestNGListnerTests@16ace693]" name="Test3" duration-ms="3" started-at="2020-11-27T22:08:17Z" finished-at="2020-11-27T22:08:17Z">
          <reporter-output>
          </reporter-output>
        </test-method> <!-- Test3 -->
        <test-method status="PASS" signature="Test4()[pri:0, instance:com.TestNGDemo.TestNGListnerTests@16ace693]" name="Test4" duration-ms="4" started-at="2020-11-27T22:08:17Z" finished-at="2020-11-27T22:08:17Z">
          <reporter-output>
          </reporter-output>
        </test-method> <!-- Test4 -->
      </class> <!-- com.TestNGDemo.TestNGListnerTests -->
    </test> <!-- Test -->
  </suite> <!-- Suite -->
</testng-results>
