<?xml version="1.0" encoding="UTF-8"?>
<!-- Generated by org.testng.reporters.JUnitXMLReporter -->
<testsuite hostname="LAPTOP-Q7E6F0R0" ignored="0" name="Default test" tests="3" failures="0" timestamp="27 Nov 2020 16:32:46 GMT" time="0.061" errors="0">
  <testcase name="Test2" time="0.019" classname="com.TestNGDemo.TestNGListnerTests"/>
  <testcase name="Test3" time="0.002" classname="com.TestNGDemo.TestNGListnerTests"/>
  <testcase name="Test4" time="0.002" classname="com.TestNGDemo.TestNGListnerTests"/>
</testsuite> <!-- Default test -->
