<?xml version="1.0" encoding="UTF-8"?>
<testng-results skipped="0" failed="0" ignored="0" total="1" passed="1">
  <reporter-output>
    <line>
      <![CDATA[Executed SetUpSuite]]>
    </line>
    <line>
      <![CDATA[Input val== 1]]>
    </line>
  </reporter-output>
  <suite name="Suite" duration-ms="20318" started-at="2020-12-06T07:35:19Z" finished-at="2020-12-06T07:35:39Z">
    <groups>
    </groups>
    <test name="Test" duration-ms="20318" started-at="2020-12-06T07:35:19Z" finished-at="2020-12-06T07:35:39Z">
      <class name="com.TestCases.MyFirstTestcase">
        <test-method status="PASS" signature="setupSuite()[pri:0, instance:com.TestCases.MyFirstTestcase@e0abd9c7]" name="setupSuite" is-config="true" duration-ms="1188" started-at="2020-12-06T13:05:18Z" finished-at="2020-12-06T13:05:19Z">
          <reporter-output>
            <line>
              <![CDATA[Executed SetUpSuite]]>
            </line>
          </reporter-output>
        </test-method> <!-- setupSuite -->
        <test-method status="PASS" signature="setup()[pri:0, instance:com.TestCases.MyFirstTestcase@e0abd9c7]" name="setup" is-config="true" duration-ms="16476" started-at="2020-12-06T13:05:19Z" finished-at="2020-12-06T13:05:35Z">
          <reporter-output>
          </reporter-output>
        </test-method> <!-- setup -->
        <test-method status="PASS" signature="TestCase1()[pri:0, instance:com.TestCases.MyFirstTestcase@e0abd9c7]" name="TestCase1" duration-ms="198" started-at="2020-12-06T13:05:35Z" finished-at="2020-12-06T13:05:36Z">
          <reporter-output>
            <line>
              <![CDATA[Input val== 1]]>
            </line>
          </reporter-output>
        </test-method> <!-- TestCase1 -->
        <test-method status="PASS" signature="tearAfterMethod(org.testng.ITestResult)[pri:0, instance:com.TestCases.MyFirstTestcase@e0abd9c7]" name="tearAfterMethod" is-config="true" duration-ms="2743" started-at="2020-12-06T13:05:36Z" finished-at="2020-12-06T13:05:38Z">
          <params>
            <param index="0">
              <value>
                <![CDATA[[TestResult name=TestCase1 status=SUCCESS method=MyFirstTestcase.TestCase1()[pri:0, instance:com.TestCases.MyFirstTestcase@e0abd9c7] output=Input val== 1]]]>
              </value>
            </param>
          </params>
          <reporter-output>
          </reporter-output>
        </test-method> <!-- tearAfterMethod -->
        <test-method status="PASS" signature="tearDown()[pri:0, instance:com.TestCases.MyFirstTestcase@e0abd9c7]" name="tearDown" is-config="true" duration-ms="869" started-at="2020-12-06T13:05:38Z" finished-at="2020-12-06T13:05:39Z">
          <reporter-output>
          </reporter-output>
        </test-method> <!-- tearDown -->
      </class> <!-- com.TestCases.MyFirstTestcase -->
    </test> <!-- Test -->
  </suite> <!-- Suite -->
</testng-results>
