<?xml version="1.0" encoding="UTF-8"?>
<testng-results skipped="0" failed="0" ignored="0" total="1" passed="1">
  <reporter-output>
    <line>
      <![CDATA[Executed SetUpSuite]]>
    </line>
    <line>
      <![CDATA[Input val== 1]]>
    </line>
  </reporter-output>
  <suite name="Suite" duration-ms="30581" started-at="2020-12-06T08:37:49Z" finished-at="2020-12-06T08:38:19Z">
    <groups>
    </groups>
    <test name="Test" duration-ms="30581" started-at="2020-12-06T08:37:49Z" finished-at="2020-12-06T08:38:19Z">
      <class name="com.TestCases.MyFirstTestcase">
        <test-method status="PASS" signature="setupSuite()[pri:0, instance:com.TestCases.MyFirstTestcase@af6f67e6]" name="setupSuite" is-config="true" duration-ms="951" started-at="2020-12-06T14:07:48Z" finished-at="2020-12-06T14:07:49Z">
          <reporter-output>
            <line>
              <![CDATA[Executed SetUpSuite]]>
            </line>
          </reporter-output>
        </test-method> <!-- setupSuite -->
        <test-method status="PASS" signature="setup(java.lang.String, java.lang.String)[pri:0, instance:com.TestCases.MyFirstTestcase@af6f67e6]" name="setup" is-config="true" duration-ms="18712" started-at="2020-12-06T14:07:49Z" finished-at="2020-12-06T14:08:07Z">
          <params>
            <param index="0">
              <value>
                <![CDATA[Chrome]]>
              </value>
            </param>
            <param index="1">
              <value>
                <![CDATA[https://www.w3schools.com/]]>
              </value>
            </param>
          </params>
          <reporter-output>
          </reporter-output>
        </test-method> <!-- setup -->
        <test-method status="PASS" signature="TestCase1()[pri:0, instance:com.TestCases.MyFirstTestcase@af6f67e6]" name="TestCase1" duration-ms="1879" started-at="2020-12-06T14:08:08Z" finished-at="2020-12-06T14:08:09Z">
          <reporter-output>
            <line>
              <![CDATA[Input val== 1]]>
            </line>
          </reporter-output>
        </test-method> <!-- TestCase1 -->
        <test-method status="PASS" signature="tearAfterMethod(org.testng.ITestResult)[pri:0, instance:com.TestCases.MyFirstTestcase@af6f67e6]" name="tearAfterMethod" is-config="true" duration-ms="6384" started-at="2020-12-06T14:08:09Z" finished-at="2020-12-06T14:08:16Z">
          <params>
            <param index="0">
              <value>
                <![CDATA[[TestResult name=TestCase1 status=SUCCESS method=MyFirstTestcase.TestCase1()[pri:0, instance:com.TestCases.MyFirstTestcase@af6f67e6] output=Input val== 1]]]>
              </value>
            </param>
          </params>
          <reporter-output>
          </reporter-output>
        </test-method> <!-- tearAfterMethod -->
        <test-method status="PASS" signature="tearDown()[pri:0, instance:com.TestCases.MyFirstTestcase@af6f67e6]" name="tearDown" is-config="true" duration-ms="3336" started-at="2020-12-06T14:08:16Z" finished-at="2020-12-06T14:08:19Z">
          <reporter-output>
          </reporter-output>
        </test-method> <!-- tearDown -->
      </class> <!-- com.TestCases.MyFirstTestcase -->
    </test> <!-- Test -->
  </suite> <!-- Suite -->
</testng-results>
